1 10 20
100 200 125
201 210 89
900 1000 174
20 30 112
10 1 20
200 100 125
300 600 144
1000 900 174
30 32 107
384 82349 351
34 234 128
48 38492 324
983 4828 238
4839 8483 262
839 3 171
20 21 8
2 3 8
4 5 6
6 7 17
1 10 20
2 20 21
3 30 112
4 40 112
5 50 112
60 6 113
70 71 103
12 20 21
12 12 10
4 3 8
42 34 110
25 4 24
3 45 112
25 2 24
353 4 144
36 456 144
3 34 112
534 3 144
645 63 144
6 356 144
4 745 171
63 46 113
5636 343 238
45456 45645 239
536345 44 470
453 34 144
3453 345 217
454 4532 238
340 304 144
94 4598 238
498 584 137
45 929 179
3948 2938 238
29 34 107
848 320 171
1 2 2
23 12 21
2 3 8
2 1 2
2 5 8
393 232 144
494 5984 238
5456 4564 210
5364 44 238
43 34 110
45345 345 324
44 4532 238
40 304 128
94 458 144
98 584 144
45 99 119
700 3 145
2343 23 183
343 34 144
3423 23 217
409 50 144
345 39 144
48 5050 238
50 4040 238
3948 2938 238
34 344 144
2323 3444 217
203 403 144
2 34 112
34 43 110
23 3 21
2390 34 183
23 596 144
4398 4 238
584 539 137
459 445 129
49 3394 217
584 6092 238
95 7 116
72 4 113
492 5950 238
2094 295 182
395 838 171
20 343 144
395 9332 262
7551 8693 252
2445 3743 238
1104 3786 238
6715 382 262
5047 6218 262
7817 9679 260
5223 6469 262
7397 796 262
1355 6150 238
8772 8220 234
8268 684 262
511 8090 262
548 5566 238
3211 7702 262
1980 2466 209
9615 7693 260
3553 685 217
1548 9973 262
9236 8268 247
9613 58 262
8772 6303 257
7911 9616 260
4838 6554 262
9016 5004 262
4954 4433 210
185 9225 262
565 4883 238
3527 2758 217
2200 7008 262
1039 8710 262
5755 5551 236
6066 5378 236
2304 2736 209
5289 3342 238
8940 4502 262
8190 7222 252
7194 7399 208
7191 4494 262
7142 2203 262
9195 3609 262
4804 2145 238
5509 5592 236
8722 1327 262
9698 7619 260
2857 1277 209
1004 3632 217
8543 9412 260
8549 5050 262
9930 6009 262
2383 7199 262
7973 8605 234
7313 2133 262
5819 7432 262
1742 3267 217
7122 6212 257
1444 5934 238
947 411 179
2786 963 209
2630 3767 238
4733 9631 262
6913 9021 257
2424 1813 183
5527 8138 262
8865 2118 262
7983 7036 252
2406 6849 262
5933 9532 262
3191 2596 217
9385 2456 262
417 756 171
3167 9992 262
7300 3550 262
3061 1415 217
166 9822 262
1858 5699 238
6979 9717 260
3034 3388 199
7621 3957 262
1373 4098 238
5435 6772 262
7428 5276 262
1057 3272 217
7064 7496 239
2507 9443 262
3224 7533 262
1668 8666 262
7227 9141 252
7067 8722 252
2449 2935 217
7039 6141 262
3845 3343 238
6535 1705 262
4948 9821 262
1058 8784 262
6860 6219 244
1839 1700 180
6195 1013 262
9351 5450 262
5797 3573 238
9447 7430 260
297 9055 262
5563 4192 215
8641 7421 252
9555 1082 262
6506 9644 260
1807 2097 175
8929 2488 262
5339 5385 192
6341 9897 260
6651 3891 262
6335 2662 262
3255 9646 262
3138 8721 262
3463 4840 238
8937 174 262
6523 6314 200
5800 9431 262
7806 7673 221
1874 5177 238
2685 4011 238
3108 9612 262
8489 7246 252
806 676 171
3542 1203 217
7119 7666 239
6794 522 262
6623 8884 257
5564 1688 238
8406 5474 262
4148 4955 215
9543 3685 262
5495 434 238
4697 3082 238
3999 8044 262
9491 582 262
9368 1902 262
8496 701 262
5908 418 238
987 5639 238
3039 6989 262
7382 4638 262
8655 2692 262
7659 6159 262
8124 2086 262
2150 9690 262
4304 1555 238
5176 9124 262
4589 971 238
3421 2357 217
4785 1706 238
9056 2045 262
4528 5543 210
4495 2071 238
8293 5283 262
7006 6781 257
9530 7280 260
8189 4777 262
825 1107 179
9915 4883 262
3194 3225 168
5513 7808 262
882 6691 262
9685 224 262
2373 75 183
688 3063 217
9076 3796 262
9952 6016 262
6968 9784 260
2367 6167 238
9100 6211 257
4018 7468 262
6798 1921 262
7691 5193 262
6971 3493 262
3280 8124 262
4008 4941 215
12 5022 238
3309 5349 238
6443 8262 257
6421 4556 262
6188 4118 262
4022 7006 262
5699 5179 236
5252 5353 192
3021 5714 238
2928 1233 217
1557 2115 180
8218 702 262
1139 1606 182
348 7806 262
2189 6422 262
4343 5659 236
8104 3127 262
2560 8605 262
9648 3875 262
5998 8483 262
4757 6042 236
8962 3039 262
549 8683 262
7986 4909 262
1278 8362 262
393 1281 182
5120 858 238
3741 9749 262
431 9419 262
8271 8564 234
3374 9273 262
7970 774 262
7863 6551 257
9789 8115 260
930 2843 209
3199 4431 238
6455 9206 257
4461 2478 238
2434 8276 262
3757 5133 215
4629 4421 184
4853 526 238
3933 5240 215
2471 7737 262
7452 9978 260
8460 2727 262
6360 5537 262
3620 250 217
8650 7047 252
6450 4430 262
4375 6407 262
3654 8864 262
9409 2164 262
7699 1753 262
2057 7411 262
8022 6348 257
3974 798 238
5845 12 238
9929 1483 262
8621 2888 262
8219 4330 262
6181 6790 244
7542 4487 262
3548 9407 262
5977 9050 262
7660 7544 177
6250 4340 262
1310 8090 262
3117 6623 262
4139 8347 262
2612 8036 262
5422 6463 262
107 1051 179
3616 4086 238
8941 9284 260
127 4568 238
2380 2673 209
2877 2488 191
9855 6653 260
256 2904 209
8042 9213 247
3760 1814 238
9371 8797 260
5482 4059 215
1950 8097 262
2801 8808 262
2474 819 209
299 1323 182
2064 6047 238
6949 7490 239
3137 8712 262
2280 2523 209
9955 9011 260
1299 8173 262
8170 8010 190
5081 3172 238
3544 2447 217
391 7804 262
9480 7313 260
5481 2057 238
3913 4766 215
1292 188 182
8333 6002 262
7174 5703 262
9440 7285 260
4856 5025 210
6829 7702 257
397 5264 238
6689 4786 262
8357 8308 234
2628 1255 209
7176 8701 252
9290 8456 260
6800 5786 262
1607 3738 238
5939 1456 238
4632 3955 215
4408 8803 262
8095 3468 262
9451 8137 260
4918 5859 236
1007 2807 209
6828 1484 262
1403 1906 180
8568 3161 262
9209 286 262
260 132 128
6243 2862 262
5263 2436 238
8458 7007 252
7382 2571 262
3512 730 217
8155 5032 262
4934 2018 238
6848 5326 262
3996 8902 262
3226 8463 262
5547 8781 262
426 6943 262
8440 6005 262
1289 275 182
4109 1629 238
7420 7084 208
1406 5609 238
3442 2881 217
287 8391 262
7940 8431 252
5913 5978 187
7312 4098 262
7586 230 262
8813 526 262
6442 3072 262
9729 3707 262
6814 6247 244
5940 762 238
9597 1725 262
4417 1208 238
1349 1428 172
3464 7302 262
3548 5490 238
7739 8943 252
4160 1950 238
7286 1310 262
4378 442 238
5398 3241 238
2136 661 182
3941 2109 238
3377 3570 194
8779 2624 262
2442 8887 262
4943 5725 236
2033 1139 182
9953 8272 260
3666 3457 194
3191 1062 217
8438 4539 262
1677 9544 262
8097 5967 262
517 7385 262
8162 4851 262
252 9918 262
2874 6128 238
7750 94 262
6481 1578 262
2252 2267 139
5388 6703 262
403 9286 262
2683 5740 238
8570 5046 262
244 4371 238
3477 5824 238
8195 7092 252
6410 3289 262
8312 6842 257
3386 5046 238
4857 9472 262
1393 8483 262
2386 5361 238
4323 1104 238
6593 4521 262
732 8292 262
7247 5417 262
8764 7129 252
1007 6868 262
7528 2356 262
2560 1446 209
1072 3375 217
3431 2621 217
7153 2206 262
6762 7079 257
204 4861 238
1964 4408 238
6148 2518 238
4303 5525 215
3202 336 217
1036 3818 238
206 7452 262
2946 4976 238
1481 2901 209
4147 1739 238
6708 4972 262
3501 6841 262
6526 4942 262
5804 7974 262
4591 5391 210
5813 39 238
7815 4268 262
101 1239 182
5737 71 238
2155 1759 175
8820 7726 252
3523 150 217
9706 7030 260
4715 9251 262
2488 628 209
4825 5384 210
2835 7698 262
4987 9410 262
4941 8490 262
1278 5812 238
44 9915 262
2760 7564 262
1182 5080 238
4965 3336 238
5206 9290 262
3166 678 217
8405 4250 262
4929 895 238
2380 1350 183
4574 6836 262
5650 867 238
9404 9187 260
5646 5018 236
7201 3540 262
9214 6493 257
5076 9333 262
6891 6423 244
677 7957 262
6526 1837 262
3325 5741 238
581 5194 238
5285 830 238
6463 2308 262
3044 7739 262
3404 4768 238
7813 8350 252
7202 2291 262
8421 3739 262
7591 5330 262
5245 6752 262
555 2279 183
3995 555 238
2719 270 209
8663 677 262
6172 6088 262
1494 2577 209
4852 4158 215
1641 1208 177
2957 4154 238
924 4877 238
4394 4783 197
4756 4585 184
3779 7271 262
5039 3236 238
5505 981 238
6658 1694 262
1986 5553 238
5855 9663 262
7114 368 262
6354 3267 262
3710 1704 217
9938 7814 260
9583 4321 262
4016 7776 262
3772 4148 189
7969 6796 257
9440 4733 262
234 5600 238
7210 889 262
7734 5300 262
5879 8610 262
5354 6886 262
393 9486 262
9854 850 262
2976 2756 217
9642 8524 260
1801 6029 238
5997 7967 262
472 1958 182
7481 6460 257
5624 3256 238
3548 7057 262
3106 8609 262
2393 8122 262
6989 3495 262
7714 9126 252
1195 9672 262
5548 2368 238
1410 2807 209
1484 7903 262
2782 5332 238
3408 7271 262
8758 3830 262
2360 5529 238
1748 9089 262
1085 5801 238
3023 2462 217
2173 6679 262
1223 428 182
2513 7527 262
4230 601 238
4249 4277 202
4948 8910 262
2355 7862 262
3414 342 217
9439 382 262
4093 4558 215
8324 3049 262
7080 4918 262
6850 8301 257
3184 9418 262
7950 8613 252
5057 2946 238
558 561 88
4841 6817 262
4942 3473 238
7717 2899 262
3524 4296 238
9747 6043 262
8443 8355 203
8943 2291 262
9816 8882 260
9184 2216 262
7300 8502 252
7137 6102 262
1860 8591 262
6874 8224 257
4476 794 238
5955 6791 262
5238 8328 262
529 7633 262
6603 3562 262
2519 6505 262
8165 3133 262
4743 9869 262
6037 8666 262
2375 7148 262
7299 5092 262
5757 2086 238
6323 1973 262
3601 2676 217
7542 317 262
6931 3632 262
7218 1986 262
3320 5146 238
8851 5749 262
3056 9516 262
708 1573 182
9451 3685 262
3843 924 238
8611 5674 262
7954 3869 262
8910 4949 262
3640 7570 262
9250 9919 260
7110 4347 262
9377 6182 260
4747 4638 184
1061 480 179
715 8002 262
5756 3623 238
4309 969 238
2076 2210 170
2714 4602 238
3677 4387 238
6937 8306 257
7375 4016 262
9297 6515 260
9318 3842 262
9769 8369 260
4552 8169 262
3553 2987 199
9592 3828 262
2696 8981 262
4563 6558 262
2129 7837 262
2533 3395 217
2038 818 182
5597 1038 238
5112 436 238
7215 2730 262
275 345 144
156 3581 217
1384 6995 262
6997 6468 257
128 7266 262
1079 4468 238
9623 9497 198
6710 8248 257
8471 8238 234
842 2878 209
7867 8006 252
687 9432 262
2810 4028 238
4108 3057 238
8025 6271 257
9936 3247 262
5239 2437 238
8393 5402 262
3661 1178 217
7565 1609 262
2949 3621 199
6209 9103 257
9391 2432 262
3061 3502 199
1899 2517 209
3311 9493 262
6607 6566 244
3212 7533 262
1742 8359 262
5875 8769 262
6243 3460 262
4813 9397 262
5910 4951 236
3099 8029 262
781 8193 262
9671 1786 262
1560 376 182
4854 1998 238
3952 2048 238
3952 757 238
1180 8606 262
5873 5077 236
9932 6389 260
553 1965 182
9259 646 262
8448 2152 262
2102 3965 238
7823 856 262
4045 2623 238
2441 8153 262
7238 7495 239
4223 2489 238
8585 3634 262
3312 2033 217
9284 7425 260
5596 875 238
9967 2594 262
8979 4128 262
9214 3013 262
4627 4894 197
3429 6369 262
1686 5859 238
9217 7887 252
928 7143 262
71 5998 238
9420 3449 262
8164 3835 262
3196 6166 238
9221 6044 262
3746 6463 262
6891 3527 262
7432 9570 260
3923 5697 236
9941 9468 242
7703 5936 262
1468 2631 209
4016 1368 238
9652 6014 262
1319 6507 262
4350 9837 262
1788 9289 262
2291 5456 238
3550 7353 262
8846 9198 247
4405 653 238
5841 2774 238
3418 7700 262
3197 9908 262
9447 1037 262
6061 9356 262
7862 7504 221
7196 6859 257
9047 9510 260
2907 3105 217
9574 80 262
9357 8646 260
6405 7526 257
4310 9525 262
6628 1295 262
1558 5456 238
5739 8620 262
7407 5683 262
2441 4997 238
823 3508 217
7292 3804 262
5769 1730 238
4988 8239 262
3958 367 238
2212 2597 209
9634 1986 262
3707 9399 262
7224 2476 262
1262 4066 238
7532 6747 257
1178 7148 262
5475 2253 238
6222 6099 262
5276 1715 238
7843 1149 262
4973 3771 215
4879 2447 238
3937 3909 176
8669 9036 247
772 4891 238
8851 4612 262
7255 9249 252
7867 9044 252
3630 9799 262
237 6101 238
9856 4870 262
4777 1319 238
755 1185 182
4457 3684 238
1293 3020 217
7757 6478 257
4097 6663 262
9132 1333 262
9780 2684 262
8663 4955 262
8104 5527 262
9255 4010 262
7197 3161 262
1569 8415 262
4269 9876 262
3860 254 238
1938 2371 183
5989 7431 262
2985 1629 217
7501 634 262
9868 3922 262
7679 3642 262
2194 3847 238
4515 1962 238
1368 1774 180
9771 2281 262
7230 8509 252
2803 1120 209
756 2190 182
6441 7424 257
4971 7052 262
1419 4646 238
5835 2222 238
9437 8835 260
5298 8727 262
404 9885 262
2197 9968 262
400 9916 262
3739 5354 215
3047 8818 262
705 1568 182
2076 9713 262
3150 4225 238
9286 1111 262
6246 4759 262
1257 5530 238
9387 7076 260
7184 4249 262
756 4190 238
8954 8788 185
4250 445 238
2617 6377 262
4083 7993 262
6293 5179 262
9501 4111 262
6724 6874 182
5013 7132 262
359 6283 262
5150 8730 262
792 9598 262
1055 1934 182
9893 5763 262
8142 6633 257
6530 2316 262
71 2281 183
4853 5697 236
800 305 171
6923 3288 262
9489 8000 260
9097 195 262
1487 5285 238
7487 697 262
4864 2771 238
3542 4166 238
5480 6095 236
2974 5271 238
4124 5457 215
7505 3993 262
1596 3393 217
8563 2015 262
8118 5712 262
8814 3671 262
8202 2715 262
7957 399 262
764 4552 238
5993 8275 262
8709 969 262
8587 5615 262
8627 8677 172
4115 9073 262
4569 1573 238
5282 6219 262
1804 7230 262
6197 2617 262
8857 103 262
4017 9534 262
4396 8605 262
4528 5275 210
8623 3037 262
3228 1347 217
8832 8339 234
986 2141 182
3769 7377 262
2889 2231 209
9147 9463 260
963 7165 262
262 3977 238
7382 3527 262
7774 3926 262
8082 1840 262
9784 5386 262
6142 8841 262
4656 1273 238
9399 1238 262
8148 217 262
4362 3896 202
9876 4245 262
3949 9342 262
1425 2552 209
1823 9818 262
524 2182 182
2554 1325 209
307 7811 262
1657 4099 238
9009 3177 262
7031 3357 262
8272 9236 247
3804 5195 215
3740 8813 262
2 8713 262
2487 3869 238
4388 2540 238
6034 5900 187
5679 5190 236
4492 6215 262
7389 8445 252
2573 9034 262
5993 3902 236
5168 3995 215
749 6805 262
1455 1748 180
9828 5866 262
12 3703 217
8775 5788 262
5169 948 238
2991 3937 238
3731 2600 238
8175 4107 262
500 6581 262
574 4553 238
9430 5671 262
2105 5217 238
7688 7984 252
9178 2832 262
2077 9552 262
1659 8383 262
3324 8296 262
1109 1128 138
7655 2182 262
962 3830 238
594 2440 183
6246 703 262
6256 1371 262
588 5574 238
9017 2775 262
3515 5631 238
4322 2961 238
417 6157 238
7982 357 262
3482 5343 238
6132 165 238
945 3538 217
4359 5739 236
6372 282 262
9704 8606 260
7711 2205 262
5428 4955 192
2366 2246 183
1298 3359 217
8457 7340 252
5225 3035 238
3509 1715 217
5804 1870 238
8282 6979 252
9222 8391 247
381 9098 262
9282 7304 260
6332 2529 262
8406 4785 262
5403 1459 238
3454 3806 238
3985 1630 238
3257 5091 238
3523 9450 262
4656 6490 262
7710 249 262
6279 3693 262
9617 2637 262
8224 5127 262
5726 2287 238
6190 9494 260
3234 1521 217
595 60 144
8501 1171 262
9536 2596 262
3066 2546 217
9310 4130 262
2262 5293 238
6869 1160 262
7089 3582 262
5178 7641 262
4208 2690 238
6307 9224 257
6859 1128 262
9132 5268 262
8934 6242 257
8994 5164 262
2045 8549 262
5240 8097 262
615 6440 262
8235 7355 252
7362 8126 252
2910 4710 238
9822 4727 262
3626 3414 194
7663 6557 257
2283 1512 183
2034 8985 262
1311 3530 217
2284 1639 183
3895 5822 236
6570 4425 262
44 3194 217
153 908 179
3199 3932 238
2586 7376 262
9642 1978 262
1946 8261 262
423 3098 217
8796 2169 262
8973 6101 262
7547 8892 252
6106 5421 236
5060 1395 238
4719 9453 262
6147 6852 262
1314 9991 262
9978 3096 262
7274 4186 262
7041 9825 260
2502 5797 238
9619 3456 262
2436 6981 262
3261 762 217
2555 3172 217
1544 550 182
3482 6446 262
7353 9493 260
8536 6388 257
2788 8488 262
9842 5610 262
8585 1601 262
1123 2629 209
4928 3829 215
9126 9292 260
1669 1390 180
291 9165 262
8544 745 262
8849 9375 260
5563 2109 238
738 5401 238
8114 2981 262
6379 1946 262
2010 9764 262
6227 4192 262
9358 313 262
1274 6078 238
6920 4304 262
5292 7347 262
9009 4135 262
8842 5256 262
4523 5443 210
4449 5660 236
6538 4059 262
